=== Input Content ===
[setup]
-bg_color #0a0a2a
-time 10
-fps 60

# ========== 第一章：矩形阵列（0-3秒）==========
[object]
-type rect
-start_pos 0 0
-end_pos 960 540
-start_time 0
-run_time 1.5
-bg_color #FF3366
-size 60 60

[object]
-type rect
-start_pos 960 0
-end_pos 480 540
-start_time 0
-run_time 1.5
-bg_color #33FF66
-size 60 60

[object]
-type rect
-start_pos 0 1080
-end_pos 480 540
-start_time 0
-run_time 1.5
-bg_color #FFCC33
-size 60 60

[object]
-type rect
-start_pos 960 1080
-end_pos 960 540
-start_time 0
-run_time...

=== Parsed Lines (207) ===
0: [setup]
1: -bg_color #0a0a2a
2: -time 10
3: -fps 60
4: # ========== 第一章：矩形阵列（0-3秒）==========
5: [object]
6: -type rect
7: -start_pos 0 0
8: -end_pos 960 540
9: -start_time 0
10: -run_time 1.5
11: -bg_color #FF3366
12: -size 60 60
13: [object]
14: -type rect
15: -start_pos 960 0
16: -end_pos 480 540
17: -start_time 0
18: -run_time 1.5
19: -bg_color #33FF66
20: -size 60 60
21: [object]
22: -type rect
23: -start_pos 0 1080
24: -end_pos 480 540
25: -start_time 0
26: -run_time 1.5
27: -bg_color #FFCC33
28: -size 60 60
29: [object]
30: -type rect
31: -start_pos 960 1080
32: -end_pos 960 540
33: -start_time 0
34: -run_time 1.5
35: -bg_color #3399FF
36: -size 60 60
37: [object]
38: -type rect
39: -start_pos 480 0
40: -end_pos 480 540
41: -start_time 0.3
42: -run_time 1.2
43: -bg_color #FF33CC
44: -size 50 50
45: [object]
46: -type rect
47: -start_pos 480 1080
48: -end_pos 480 540
49: -start_time 0.3
50: -run_time 1.2
51: -bg_color #33FFCC
52: -size 50 50
53: # ========== 第二章：圆形爆炸与旋转（3-6秒）==========
54: [object]
55: -type circle
56: -start_pos 480 540
57: -end_pos 0 0
58: -start_time 2.5
59: -run_time 1.5
60: -bg_color #FF6600
61: -size 80 80
62: [object]
63: -type circle
64: -start_pos 480 540
65: -end_pos 960 0
66: -start_time 2.5
67: -run_time 1.5
68: -bg_color #FFCC00
69: -size 80 80
70: [object]
71: -type circle
72: -start_pos 480 540
73: -end_pos 0 1080
74: -start_time 2.5
75: -run_time 1.5
76: -bg_color #00FFCC
77: -size 80 80
78: [object]
79: -type circle
80: -start_pos 480 540
81: -end_pos 960 1080
82: -start_time 2.5
83: -run_time 1.5
84: -bg_color #CC00FF
85: -size 80 80
86: [object]
87: -type circle
88: -start_pos 240 270
89: -end_pos 720 810
90: -start_time 3.8
91: -run_time 1.8
92: -bg_color #FF3399
93: -size 70 70
94: [object]
95: -type circle
96: -start_pos 720 270
97: -end_pos 240 810
98: -start_time 3.8
99: -run_time 1.8
100: -bg_color #33FF99
101: -size 70 70
102: [object]
103: -type circle
104: -start_pos 240 810
105: -end_pos 720 270
106: -start_time 4.0
107: -run_time 1.6
108: -bg_color #FF9933
109: -size 70 70
110: [object]
111: -type circle
112: -start_pos 720 810
113: -end_pos 240 270
114: -start_time 4.0
115: -run_time 1.6
116: -bg_color #3399FF
117: -size 70 70
118: # ========== 第三章：文字飞入与律动（6-8.5秒）==========
119: [object]
120: -type text
121: -start_pos -200 540
122: -end_pos 480 540
123: -start_time 5.5
124: -run_time 1.2
125: -text "READY?"
126: -font Arial
127: -is_bold 1
128: -bg_color #FFFFFF
129: -size 50 0
130: [object]
131: -type text
132: -start_pos 1160 540
133: -end_pos 480 540
134: -start_time 6.2
135: -run_time 1.0
136: -text "SET?"
137: -font Arial
138: -is_bold 1
139: -bg_color #FFFF00
140: -size 50 0
141: [object]
142: -type text
143: -start_pos 480 -200
144: -end_pos 480 540
145: -start_time 6.9
146: -run_time 1.0
147: -text "GO!"
148: -font Arial
149: -is_bold 1
150: -bg_color #00FF00
151: -size 80 0
152: [object]
153: -type circle
154: -start_pos 480 540
155: -end_pos 480 540
156: -start_time 7.2
157: -run_time 0.5
158: -bg_color #00FF00
159: -size 120 120
160: [object]
161: -type circle
162: -start_pos 480 540
163: -end_pos 480 540
164: -start_time 7.5
165: -run_time 0.3
166: -bg_color #FFFFFF
167: -size 60 60
168: # ========== 第四章：最终标题展示（8.5-10秒）==========
169: [object]
170: -type text
171: -start_pos 0 540
172: -end_pos 480 540
173: -start_time 8.3
174: -run_time 0.8
175: -text "NICK'S"
176: -font Arial
177: -is_bold 1
178: -bg_color #FF3366
179: -size 70 0
180: [object]
181: -type text
182: -start_pos 960 540
183: -end_pos 480 540
184: -start_time 8.6
185: -run_time 0.8
186: -text "CARTOON"
187: -font Arial
188: -is_bold 1
189: -bg_color #33FF66
190: -size 70 0
191: [object]
192: -type circle
193: -start_pos 480 540
194: -end_pos 480 540
195: -start_time 9.2
196: -run_time 0.3
197: -bg_color #FFFFFF
198: -size 150 150
199: [object]
200: -type circle
201: -start_pos 480 540
202: -end_pos 480 540
203: -start_time 9.6
204: -run_time 0.2
205: -bg_color #000000
206: -size 10 10

=== Processed Lines (207) ===
0: [setup]
1: -bg_color #0a0a2a
2: -time 10
3: -fps 60
4: # ========== 第一章：矩形阵列（0-3秒）==========
5: [object]
6: -type rect
7: -start_pos 0 0
8: -end_pos 960 540
9: -start_time 0
10: -run_time 1.5
11: -bg_color #FF3366
12: -size 60 60
13: [object]
14: -type rect
15: -start_pos 960 0
16: -end_pos 480 540
17: -start_time 0
18: -run_time 1.5
19: -bg_color #33FF66
20: -size 60 60
21: [object]
22: -type rect
23: -start_pos 0 1080
24: -end_pos 480 540
25: -start_time 0
26: -run_time 1.5
27: -bg_color #FFCC33
28: -size 60 60
29: [object]
30: -type rect
31: -start_pos 960 1080
32: -end_pos 960 540
33: -start_time 0
34: -run_time 1.5
35: -bg_color #3399FF
36: -size 60 60
37: [object]
38: -type rect
39: -start_pos 480 0
40: -end_pos 480 540
41: -start_time 0.3
42: -run_time 1.2
43: -bg_color #FF33CC
44: -size 50 50
45: [object]
46: -type rect
47: -start_pos 480 1080
48: -end_pos 480 540
49: -start_time 0.3
50: -run_time 1.2
51: -bg_color #33FFCC
52: -size 50 50
53: # ========== 第二章：圆形爆炸与旋转（3-6秒）==========
54: [object]
55: -type circle
56: -start_pos 480 540
57: -end_pos 0 0
58: -start_time 2.5
59: -run_time 1.5
60: -bg_color #FF6600
61: -size 80 80
62: [object]
63: -type circle
64: -start_pos 480 540
65: -end_pos 960 0
66: -start_time 2.5
67: -run_time 1.5
68: -bg_color #FFCC00
69: -size 80 80
70: [object]
71: -type circle
72: -start_pos 480 540
73: -end_pos 0 1080
74: -start_time 2.5
75: -run_time 1.5
76: -bg_color #00FFCC
77: -size 80 80
78: [object]
79: -type circle
80: -start_pos 480 540
81: -end_pos 960 1080
82: -start_time 2.5
83: -run_time 1.5
84: -bg_color #CC00FF
85: -size 80 80
86: [object]
87: -type circle
88: -start_pos 240 270
89: -end_pos 720 810
90: -start_time 3.8
91: -run_time 1.8
92: -bg_color #FF3399
93: -size 70 70
94: [object]
95: -type circle
96: -start_pos 720 270
97: -end_pos 240 810
98: -start_time 3.8
99: -run_time 1.8
100: -bg_color #33FF99
101: -size 70 70
102: [object]
103: -type circle
104: -start_pos 240 810
105: -end_pos 720 270
106: -start_time 4.0
107: -run_time 1.6
108: -bg_color #FF9933
109: -size 70 70
110: [object]
111: -type circle
112: -start_pos 720 810
113: -end_pos 240 270
114: -start_time 4.0
115: -run_time 1.6
116: -bg_color #3399FF
117: -size 70 70
118: # ========== 第三章：文字飞入与律动（6-8.5秒）==========
119: [object]
120: -type text
121: -start_pos -200 540
122: -end_pos 480 540
123: -start_time 5.5
124: -run_time 1.2
125: -text "READY?"
126: -font Arial
127: -is_bold 1
128: -bg_color #FFFFFF
129: -size 50 0
130: [object]
131: -type text
132: -start_pos 1160 540
133: -end_pos 480 540
134: -start_time 6.2
135: -run_time 1.0
136: -text "SET?"
137: -font Arial
138: -is_bold 1
139: -bg_color #FFFF00
140: -size 50 0
141: [object]
142: -type text
143: -start_pos 480 -200
144: -end_pos 480 540
145: -start_time 6.9
146: -run_time 1.0
147: -text "GO!"
148: -font Arial
149: -is_bold 1
150: -bg_color #00FF00
151: -size 80 0
152: [object]
153: -type circle
154: -start_pos 480 540
155: -end_pos 480 540
156: -start_time 7.2
157: -run_time 0.5
158: -bg_color #00FF00
159: -size 120 120
160: [object]
161: -type circle
162: -start_pos 480 540
163: -end_pos 480 540
164: -start_time 7.5
165: -run_time 0.3
166: -bg_color #FFFFFF
167: -size 60 60
168: # ========== 第四章：最终标题展示（8.5-10秒）==========
169: [object]
170: -type text
171: -start_pos 0 540
172: -end_pos 480 540
173: -start_time 8.3
174: -run_time 0.8
175: -text "NICK'S"
176: -font Arial
177: -is_bold 1
178: -bg_color #FF3366
179: -size 70 0
180: [object]
181: -type text
182: -start_pos 960 540
183: -end_pos 480 540
184: -start_time 8.6
185: -run_time 0.8
186: -text "CARTOON"
187: -font Arial
188: -is_bold 1
189: -bg_color #33FF66
190: -size 70 0
191: [object]
192: -type circle
193: -start_pos 480 540
194: -end_pos 480 540
195: -start_time 9.2
196: -run_time 0.3
197: -bg_color #FFFFFF
198: -size 150 150
199: [object]
200: -type circle
201: -start_pos 480 540
202: -end_pos 480 540
203: -start_time 9.6
204: -run_time 0.2
205: -bg_color #000000
206: -size 10 10

=== Variables ===
{}

=== Final Result ===
Setting: {'bg_color': '#000000', 'time': 0, 'fps': 60}
Objects count: 0
Variables: {}
